1010283
655241
34815
170158
50512
56894
285016
560482
102251
314908
747943
40777
9948
612015
96391
484446
81890
1008329
191089
1632276
27226
179401
96832
1577760173
527085984
696081226
669779097
967934
26551591
22524861
8227071
7615968160
164599109
2032252209
176891401
1288615
49614833
9313740106
54542639
6913338
3631564
782614656
45013709
31699
25674399
850787851
612148714
13789743
49968368
3689970432
7909714945
798374837
1129450299
29414264
7105156472
1262475682
6200812558
672317968
416271941
7627051727
255865268852639869
6908766821280132824
6196481749423
433681921635844736
9976267392242688
98303468396516095
321154203474
4062575966512597
2051467035590635
82157742787679
35367396686526615
559657677375473
6324138501203914922
937485126074126
184049126892673567
10458952003291121272
881987881895498936
95835621626956364
3927084342519758
912879979695
1644779844719690732
96072702880056741255
67689090434878
32492080455451970283
53128384749744943
30345577538371691
78573645737884646
47772385619
99470642277655
189487773673728227
2634633348463816
999831479339168
855121690390623
37116762755567685482
1635295881892750
1049645297329718
68122592117553627
98126239554688316822
459627690958
38352274615922297739
6155483644797980
5942547619016035776
1044089269043623
502030121244823
30788292265433010278
46290628144862
52055688537553214051
181308600748
8166207659761066212
76266643517301641
8139058007573786999
507884667130649859
86774251376333340
6012218088427574850
66781396455643269
78616096738698607854
305222529039647201
456540447366335883
13600387668406
671213257433
49218171550562390
5409849217426759874
1123256436237392357
89009067389820297132
4594975484332778238
7913061893085
78962529866636440602
2044385798380843
2394647982511128194
846487584060122406
991071277464316
13407004575929737955
70196205984107
21907335443202
564600030750
1868848255878379773
7113767107367089430
3698547856951
253825785127558
46202202099264
