7195805466184165075386170841127214867670817001869832556250102428311261887403844
26606067679293763206225531123731384916729442464154508411433494843398630696087295741274371219605768
292693717208143646958406303002124049358465546323935026777239630391608416699955286564815204376208240
678143278794691027122187886871708776433856668882869550818143949610731101874718682364726133048
16153169584728725142231425733121015877334316238449713060584404296399482724588765
84971437336014010237722694957456859354653993547475145149008
4414265751687153234232667642952479333832521317028542934730549820387649014000166628
828456282522859555862921292776957177021401651109182769049623653389203278376771801964933
1043689404594007049170630570419032111490797154452788989676977009785045829565296977352344031
523921300483406152355554279226098500268569399561737038784215698018963875609436143
113633154521401002885696312291255185786592696355436188416323436772022
184941335754201541188644462270256477885199458850262327870024075608204347712895674321628539433
304386793043522232361257019645141343134122730489013735180547185419004313564996798627
95850135565713782102326057948703044562252142800078485100567666033946110424161949
520158414937173099237280766191607371539133934227553381349165
114444303233599824113894774924687270546661204948224456579929725671418561154003
6016008612882235975918945371523810510342046804267613156530285648002809839891998682083246289751287348
2328941378140646444675663541547093928432840100823867318125941026
9403994426797910057038964970350247098419945292048115817614785
5833609336289132452724837755256495725680189215946185775117258610416449005733861597497974
31943356405352664492478711892626669538615477887377058224627854997
294338605320429265296024637425050271722179232801377901851113104632996848727744982727833
258825914511430262206710734699773651941346325522015445764944714959315604208517239666609771380335276
4458338393270701724095293831987997326684589046407972063872783744459
934045378304315096008640493524804068975258622695734969818630061238146219734560817
1882974444466845282732594496240563908476451731680408126143679865676236505105235456860
90483688347916281252601605512121492242926971776796474533127568204844
8941320016530015713113788961805519300941193310306571713989532143864483573212599772993
195857426365545131227423528707730809451760703026142839295802332342491642857362770018195181388622
697911354762971914966815726086247666641784205176156173704408021697920
22947541046158619490296727153124804731027716738757532381542677313099204174254972
2621802843651972705786114693548558655263626989023928707265
42690684409012518253985555620378019811818987117432498093766620311840561896523225651742130
51682980946122357794556461429041297989063512492859617834543174903149087991496788396609972352
8955120833591254852465069323866208525703214618295789631244550891828995795552617291661159259062173689
2300086396356711189977013934640676946929724494237189600851348293804998479
4227724363329471224073873618001203055906869010853485693254497347271617
9930542904356998786984591536925106604277338135341180892605664
202004241520760760046116369176245046562806662525609128905527867900703805590718773522206572132
57195484821752343739457017837667495754187414425197569286067365853892977333869304435017439043909837
5646799061559815350806710098588822320435316043499524549549808642055662524806097342949112047239347489
328143553662325650397852677251562826157020943402666850062903664588990449565268711104419839635
617164796895351438509958797668082120351424209867775253161490104858624541481557107986939308873475960
8803996757473127207582138284807787423698301944506848533456298102024804464042427697936
4142518122720383709088400576268522137978928514273306424269411765378756624220604340
4205441857949212485699798712820133779780265527307665646029705900237616294064726186044269141289
892440128215122650140927410757740058138844218726318810630441477161536217963612099487716
337379604156180764309464223157074040585627667990912670451501949247413520050337635365593069155858
297403992211926624948981131078246865644498974625483215273927236326033989493181300674678032050870585
60810983938310224309687520765445426141678073856111158983692558027846
2818795567756982805777237744645833176515136696250708353322572601385254031150401214072766584667
79515198909910492880167580397151843089942695100319456223173304498912250667100364094683167377
225012365334946203730405557148589942719926348537223472169549878089643481910214794040013341405
884447869428920573146540949363368841049235441805415942640070895062357
40584068289385775552538109070657338983557472547535917114357470443372373330822196412797
67173047004528765018437832572277459646024236427330247793906900396201648098
38149546615255089017555991716343538154255684231704608766867960179984474519668122767909180863270018
29388631193587348979829527722372663283125554877311531549301678208078603453214268706023472886730695
32599778280291950152050863063199617278455016437847847697271444637505675490624623309469438056
41725022444853096173474691926589663115339051938092801418188476506649833649125058977371387745
468681454418075723075384138010348502104590756682539637778632393161419299258
2227744319619812694716899879929650439499038539109400889461884087472651425804
716631103066045386226840535150406490588557079481759758532574367653692240922622426992436228815045
140490635583059939899466624015462290771720538074512435691108152126164407499056638952425991130
5155985792460131909803323997745098700908350056936276700501594850374785072024630439046035652
33705960457134285078373817901824198992766738305714703775493993898512955598615034407893627024813
9733460315431403929091581531828306060602401078636945412291131015316583812021681379149926339
10240980040499542771692166726468745502570731228551302598265951042995852314287971588554820127
97022962167910100216286772509540569009541300418040848544
5133816139124268883580776138969101807061841683272866652079739102261701249035232866840653427
415449968615466304486378566520629285444328232645461286939141796018998885352372434684544071724265
72183182568523396623839981620171446570414316369675700868070368628089121126215
85100031015372137529063453589817281429869527505935176766755269909
58833526045396071151411615096654446914083983795460307264937308757775271656838169770376097
12687408494954772919286340430539210210104744149758217404470923626612211207644696549044504
4361502386383608797829443298510709607412992602166328704010820303844
913439989645682964222645868518557778761044361712894817897945760114660843871938206536471225290450
51573964074500553608414327231078234084390465300795150912159900235873750754791806
36708995965370236481842403164609021978092418551260424709003572659324616732501853141510
2875361230245033775984292163733875989297604781010180633086216428208746575086
7836053726726000569831102810597300694165255418703414874509894370898883517890830366005778349768420382
6650946159697675044687091485072006471317965859034405017821971960505575916595879808334421931
87002790780282805777609047956658546597499885061241086023919236328542422757452697616885
9071136513694595230979026718055192675699315872565736372762914534249489292005349037281548936481396
58613286688831311831408728993292054767915272957154000803594431951217750197805456341152710728998983
963902965724283479400354437997637194201099428805943043157468746
60688556930574374393597143092074681823443252495568420
5482739274240022388766377099044700417986801640805043404091918034844941963186698630
9984423451459569680991568877546077534373564897545430180380692802650453768258177314876833580617396347
7549167391070843254732547251467462821633702958273589089429045638398144615081272752225493925080121
94431093171256767338788772038386526398421273485251101934525070751165853094704851560981916
4772979454860785671024527457304423752178882388904681836088978403782538930080698
89223797104264934969370043346829370687483944010511223300520064268823118313271344426475419557190
577270514503884281570017256761607897168063708425468824155694767545154533968551257376
8516166711646386573120523322384671881477801970582658575395
99081450124582883900595811654987187386916308023928880831595838359647
751904960514719078986423725318824161990001386082016808838315023128
7084528398433201879281514153538300070885270562112864383524317803390536961003493635565989026161313
51676753171602268879194423373619583712381004358581529506944836381942481970902213
262235561231508968543394642738371301132653901701061755519576352973088306858337755
64945897904324222643287446362287284425442606880752385610503589171205215697098105665525459
782324047248561021271192890819363541938815978291899253668581669027373035122891845482084447461
8187291160070931028676443963422742443466179235637978478463571951625670927581875800305385560736301
58027539049787348612302564478468666280782425378788120142883972122976782436824584041816656861
6086456688127353783985922122378620277751692612971325925503216285383845547147152208425161136
930972429912290615453526302727369184287711609328218792451093197885589140
46060558660521110828334869150105047436927735537856290613205685771077525210832193
21781728705026407266421138089869377239163657190547964704299099040663543033268321
973525644923153281339072681756637786446489755687601758038508845651713450200015471438508
980794315666277514068997878119911782355754858026055948710568962605769336736762175337854675276
68302561163262183408976116338488133414734044834809161541309530125
32020339403234619872544178050112141784160633880472660104976783910217171198439220892588935832
82397079217823684667225571008289492680907082800869889250379364019995256103481025435211
7888236377709867702141425771605328630329821826687273042918884737657
577938782792265648317070021982206489710660920050627385
588280480212933798441625431140970027718896881689248407434646448706792953127571041356125
731916230595944489588357387973693460296566156642499104482475116183364174252461119175717
5435649613150902087294502142964475778447455566556959878159051625688338755
30618015222768505747947181005228918050133582760418773361013618156895907739256753821396031222
25981470724193028232086104946630057161721060012425305598874423806
68035294907150682621167784784668949061904333462479500987517593718116800222275
1838424650953970085282057820357307715552973779542025357506288404
155148750344055761794444694363578750159420356030393675543560903707323078815
62873687163925645198587652586471845558517151385854851747273263557115802
3170143479729655013841022338605621268401942247388358259110443340173563471067958
6954468510385441546232172812985989467933400742937874504982942503150409128453032139418192668367461
4469753766662174602038272950460572849947509338321685419304596976729598695706
40717220345146933624249782493395024789200774190558475734325137398804785561563860681
7584530829037599117739005471374461764822449939146159774013819083347936702269296511246129058664836
121466917491806569176725828674405083603600361494791791323101610874
5889101457034063204254259927892942058009084553748101840748527444649689496947628
11928395891998592839287662634307095132601330676050899491663850346950809173979872999244215010629684
20577103516564774045364634159025055099551247256181315097062164007281364696895609229350
8177711515256359839858913834312029875377853379505120595026205088477200285619902537478380449677860402
788503176321040182015234019032787329506909612907907475812251315195450865152984904
994596452379449096582935529242956259782011411396488553833222982623128473720512250423149988272242369
780692242575360338487813170438763648347906991389246421814269718740577808037964806410904705459
1921072530048704590756284746147004201096723223970259579128255688542438385981529919058346461897
931715028373990217306188197672857409534927864281033932910924030442309310219210
890449473035931140078687348670093269143845675845519161219071647154516153380302873741677804498
30320428111778015470339530507648058659769207740867957604506988611721306620807745785747
865592089022981725741308746773189482417475664714980314553270763842964727323999191728714921305750
79020068211939716528312525270263832547384509070931160169327
2149297009525574210620171024291944960775481350351929483431932470681471491627463311866
66952138277503737725982207785452854654436919433489846425362244057182
5538084325147431331562744058545349939272450995219641262327700665484812992054387395863
65955142034356834566056029240883075024479806999033060744609527604014814534402453670
27886103671724216962030210227762701603298657041648631229278997707301478329645377413671940542
42551724937901380557433538579622418018902852390169635634156883107297513259755225268345416900674
71865409307184538841059792053877152390516070595167858482208809
5433306128446165174707388815366265984627707105131993808548676614519413274100747407897674510661
502180777982649049737916513123934943324851650767920157665725964955180474469
71134223339713915776044022247172956671636072973216455420489006605511541390803554274243380822
55753759652531022078359313802187360733403971619639889750261857333456347582047592667964795976726460
5989968889323235146337660845229537220716793832877323741435950574568406753170088881877363535005326954
4845386153857194711723328379005082046242959493120657849933828181461913132268264165504
422490455993439509080858955874599694046332135467272897377912198536522202485732
102741943672961916378766016287734195809128068885372076328842650110235443
5476424611587060331608463812075757242953003736798804409722685971962441304574159612
209810768685409313181620068257676441350268134806695177945564304
6913072084892835186569771508257335367752561869750390925093572607190333099675716329578890668936
76389146074410582623485054857046468649550476670584961946641
79552072855854376230600797077783251283583620671550936530949270065327775586712821058283750953006109
87081494404225715696213659006428103667648620961013064714995172474145674548907651070214
1117948816865139246844241459953911873323325029701753084090768106031850177455118943020
3629063434270994549786060389662802657752351413987893343577865921319913449131684401151017651761
2701695250075064952715732626987042671998687278719367489855887063891706094509452
820210383809662453585484647384225498351576864651054514077935046739950345976928198791
245078107318004300027207240044237995940208252897703689263630554519879039101840731538986673
3843757957511568641964182178300973117834112072757873946390712865742884437287912383419994
5473935266095013155085366918737058648078560134829820221129409255188446175254597862576504785752
43744894532261402186583231885064174490242562626778557132331948245344
686047442520424817450949728285404976724042348602903982932673248672112
6463040584673586287346896537334012414681632554311454372777652511932490299436549925163502722168968
31312287542310605800314057164000724638685755152304586563809541096286236561941413494927616821290178
132388319549526791500124458236096463084328365496794215360491593482178515316966111536955544677053
95594182628222914883022669112162421528321043333464601461882061320460093
947814607491997438498670454027969548495581911684964983210855953377658101501828997651
70373041274180855520223973993741611724619275567553024391199673791418772897903770190752731
998582124762556175492147543376065702563410143240866397944129470538871000115200253774209029967967
3495253400843181174888201658866123565716670116021130174697554505
9460903831495431842366523854470398407644809659657581998671864566393370574142956622141606875
175245487705344240948293639256078665299530763586181821272892965142445278059315093615384030303
80534283660629990651769882633723017955317346779086046738429764070432285869334848634716906596
668064788553533655127753244575151152460440134763243738628939241043632583550430100
3313963097557201839786143269047931119096210777714008924205810765084674321668017899109548954
9650486258698438965369538715544369250703748663306903698191903879524025865
5781068554560019407489247924434636562616825314138322140328194457636833913155284073872320167366662613
4420958657538817387361315511208924232125211017357655816312210167783254996238884988941306492
4224697480449640758713405389552354512075719842332806991860000384107554468633849019257639069344416
97941455373440893051230150767130942648393141471714219846455219429580657943113135922021521868
226142516705998769960625742773323096453425426986567832337456684085308612695596014384093176
81495925833012895405138642748906262671852385586492219906119995881398834098489100551542
449005651009210133056797824558244582761748997945987739130413705295613362
18161311213950367008714293276061133621829374478683912248097254700070877332774099
5146268738876270515487727756512324534057690672106205193034103481779896279102182392366941133659465306
896844073201635655353720930832336564848646575240463404655203919085937588472
727491575008626073756697355675048136104253098575520756422626986915586658255617168821391330109555020
29844460335671111348857037176887274481500728315890926615569010031213482667024683809395913949986843
52301354350821520406436536292922020266484508719232868141982161352107364884784836294912026340
