8253669
39566
22227894
62521
496582
811893
44081730
57748236
67792059
189273
1989522
33677602
5159952
191221
13296
509003
83645865
781606
25708
146171
7742235
33782285
43667294
3522
2730029
187632
970835
77398791
9850108
3320586
282674
9404602
26411769
7805561
310279
848504
6181557
50647582
21903903
86820
41400
710172
29909689
46547404
965302
47561299
353930
24538675
29160194
8881729
41270255
74270236
46206722
44572
36191432
2881576
2086031
115911
38216346
46876
9354581
1573349
53316
57976031
11103091
465369
842740
43274
1116925
63858727
445734
253332
12507
84096
28307123
6389913
6995917
168604
73500
6631750
3266
61699012
17036
4532321
383663
55142698
2561
35631642
88723333
366904
3335794
8860526
80036
932
24002
762446
36102
18929277
408568
47552528
66518972
2823419
63991120
66923382
52726
97357075
24723529
8383186
740679
271548
46424
375380
38905735
5229485
5639555
90751
7896357
42408975
5072828
67729
329163
80529395
70886994
14371052
2901
44786223
6940305
10470856
7535404
87585510
920516
52927453
2485692
295109
65287
15180359
34992
3370720
89107864
2517385
3121996
68004291
9090315
75282
523398
40466678
62556697
31520
108763
683360
47865544
35949180
29113297
13812738
17491
2183329
3811546
45643
1835393
2220065
20588082
7373909
94206989
371915
18431
405946
89268473
9956741
37557033
249661
939689
31188879
9761526
15729968
36769746
9275386
42730674
19834511
10014734
55075960
34070816
1236060
71300845
86206974
642451
75868
4743251
921562
97669791
313
52506257
81629215
2670450
7107371
6885022
593
692461
837656
4798
74039342
40759213
309892745797985
68858525861367
96066430417
61490766481196
7115208411
192836260969821
593997733
70666881678
22450686192
639070033926
76940948802315
69920671155534
13697924
8849116
822876254931
251609581496836
622969178744
667378468326
290235
426334872
604391796
4016846756237
4850501394869
95198118565
2714837078
29287063
161951881210
4610367368
517767963
911284721316933
647393123660408
8335893916
33105452344656
9440617876300
112587297133
32573373009634
2416791281
6559580921267
53508204
703097297875502
621932051646079
655420964038
36591303974203
306323045958
804096839
3636721376490
28393099159
6045464091193
8003049
5798167422915
924224123837
759597223308064
219235106624895
983919109045
8367062794914
985619336
931623166730587
121709732811
945312127717516
96260450511105
31010288698606
87007178
91876619176383
26901432629540
94358971499011
55388372663930
557458822928
60546548437
67908626382290
411223269622
122396788859256
265555543985886
27146866033193
157428297
918317672047
215776734769
97370207688047
12750123702116
6367632076421
725026725129
6711292403359
999039458159510
5363036184
907499126196
9253665
2271919234773
487275566867
671909984127079
31277801905020
101821105
28366230728880
21533467326952
70571420268
6575472163
727783718401323
76712633
2153305
7508925682320
6755948451471
6729642
1100808717
27169771913
3802436461182
1508481
84924507374462
279114266
689567507
617890037863
274371323249050
9130038601954
12250322485675
819012798654672
383924958
2622350810
634036603910915
574340331961657
90087722206792
95448954774434
3411317759
17025312
9070758867
6446344642479
280258739825
4084041413433
82214712522913
412449766997839
20469015841414
2897372
589914147744922
747856269038
608852024397697
206560711318
347283138856
39846686
721653149571
652996939
62655361083699
5850399460
6442830517614
28426100803
95894387493481
5341584494487
52209658603
871445382
80028549416337
94490436253913
50978375919
835692854302
1816211944
359254791236544
987875694870382
8551160973
8574721
7089981319133
689966618
917510297584
485690818217
621008577048
67859411656
59224892576368
587655154183395
563775856805341
86315911571183
361922511875
99758635000
6114179216
58625663719942
962367772651824
644578359
88687352947336
1971169100781
625519641823
59756010142
3351902091
567065953935
365549124624
806387763990715
982997315584
52925914626
4132657430105
7282454336463
773222172196073
7875878508249
1322006632612
107794071133474
9576192619
735040786892525
189561446086
613402624858303
288592498629
191804920184
2266629889
7800705137115
531858169580136
873603866183434
29848459042
25932420789479
512799003507026
7960736754058
503387300394227
197347806650096
428527583811016865
70438437924099
969068450188
7425710022566
858004780883794
75485953543329
8880592095301080251
10298571169309
3826693022885
7193217204
3065346284571
459517428744543
554637534432452525
7343069336232
48214991083926
131884892261036
243033885689506
69376662847840
237306972769490228
4017590126763478650
91612855457041299128
420053669836908262
60234535869588
6890756388490376397
1703367315490278420
13328360728
99963694365747095481
58609353027293863
5528631998685331511
53708489096768578645
32310291190791122
24928705
4293591026891001640
20568333561167350
1461704624677
45033807620293
8432723662160647
29615514287771238
3860705908278823097
5783109981634717172
5434271793148530
309318170623297185
7387819264376
54208818065510302
62805286016215352
140435902841251565
5917730770
588260772664688
12975186957531023
41109971280247085216
6932411586
51795134440315748
4596308005034640
55166426558190833
967142933405508
594640352065649
22948897152890767313
38958296143703428341
49828175564557
26413895664
92692795903158546887
88397977
66939521853543801
47105583671587657765
93846875657105242
25614755497930392
166899312005
42303902116228
939256868641037
59049988151575
911980411432914133
16674777724057892105
69857717869917545603
38759593501590353405
7471110594896897005
2251649165474735
8598383433477
195874973535260664
33422987
779780597760614592
20823265952699763069
2570861994987150
7656109712
47911385888127
5072950827361
680967071074
605459269276530060
8125396298623539045
3535749979350125381
5945182616732864798
1773427214002127948
5019666703832157
2294961638486563849
8458238759950815864
6843108891495002873
537823932470193105
633398357212841
5323470831402982787
66277876603393
965313234
5656795926507
1772997158166509
41045370255302
752918338082725971
4107139271365259019
7048665849700687
263726014655111
1369475208908243948
59013386111234538
430886039649219
846160822766865766
864983759750331
74058323383660884
3436854862108078
6313591373917332674
909358819082941866
136309572501240265
4896074577251938212
857196900411807486
45194362144691815391
3342912805
14915848
72105345261393
8598303033785
439834169523119298
2708939433373
421086140105893747
79087063077529629559
933075461295535142
1928146104178
657724826036627317
20910769069933655
6614479609180299
541317528579821
48702112707969246
6242995085313
81725540507934091463
197719310783
9299500727943334
12590698
7933796547401
379415096300
61792862346761567101
37149863894989086
319557759
4467598858735
3764401331041
72945998057454310891
544031843143577273
48819810479927
10566894121986066191
404721585
54758665217
92967835278026894494
1055842471345068163
7844595303384105
58532383627233055214
870466625888095426
430654134955516
51501286817327347085
8135729357844716
897014568922568
404454635741
6522380325983828
25414975739959789740
59405417442038
39188522492213746137
77640087816917055
33967477116599611877
15251123880552389
474772222469
4396902079018820
519167531781107192
2420532882825322771
88232743550854163658
6496928374054736432
23225123099206266
5929762447666
461595466392729265
29563518200392142
78806379404356953
747430870428629
2406322291753769926
733544518718040
882321070
29465042699010211
39020413069
87105204763485335701
679016601885565273
3790293899436961934
12703798298616420
80746470813324603451
87258850703747776022
5303896232432368424
5600030158051057
84277370663701
88349680406796746568
1202804088766031
