2037597142278015000743068444365785298464585140336034460760782804135477585914923599885
50754697568145094284245182685522501608348524995018637003011994246543309927972898137655727488
6507479656623005702726904027764555169616351990874570650890211242386321960971663921785932781483031
70591436826874041403391368700129451993313587182304072903022809
3134027637141764669404975901536495412593795556747183734213189736896214180779
65085544996956410288928128956455667653907361554361547719419875916011648087771332673417633877
5112477208015410572983111029984589698780420226645059580215576472060028142440950638789690231231
2982720576246703282622405300016271986553951670368735220365358008862627418278179559149851977898985187
801236380762800338488793092791178845161088549992230927673825337882230165601052428
870917801638753883909810075230669917002720570780290909439329810832330554495389654
99685089424170701655311909849406089813093323957752533444762
72977126503579130011476068767660829314974550580265843974798162130913153870675599546773557721
328361169644465631274798158917386665034944829269546108888495718154360744337
42254183814075268240514748383420805757335630372431486993494707970634720892849917073120895270837
57638353798423359797805465506377742171081440851599685856
3951988932872392340052515715496639207757146882436909879215190969191801135514075448
96678067125741578866865512415537500979422128883368466719360311224855
4318452185040868582576115375550342443614530863103292410738221864142988890561435899556
863801035296380807833727229042855417656319805493872650393122667765
4054743689871263399229079298519675749831850772216752199489718686113483715647792
1525129826202617988935553664990866997221150954002762311564666636421130409
676417806504356876285142744934366456308788667738048244371265557687300402979649540
27950191585463671158814583156188925083344824227717144785782420635233527003952272310288498053
272952481768143609242577618212880442232730895042668300846096265454823616789523546057158329163193
83347632975139080592011238143375099095380095747621817737595108962289038682089446316
7534856720651517331963149407218033449601436917717830173285928732010541195438101201821331894034729
651977622854104828014561534670912664800576919952124816853289477144643492938924112337974500349869431
7736780720295688813321658650387248064713888875347478465250942446977614227802
472169199823088643345954192264786433080023370651688809362149749337727334241588621441615836233369531
20430811827850987856265400680821021589561369857276674417235447990084606578819818938
206415490470826589075319955778415292689940808890079188741682862588209033965667860
75704808497996499523409730185119977160884034218918194142482450715877712146868
55891047947682534684032711993822254385773680884385159696891286165973
411756562713616145361626181262265598834651171558525240236416021268418207070251982503458836763
12953135743968176442679497201909790542209116193943449722029349123055714908677856388188619420952843
90885561927797811203908885516971118964391541345976921166034502697587933674317744706064
539266872954692740343833776844921615531986553619549264529808759269424867176300165918920342463191714
20812683394977618946318796919767168976251718035168184588120497287
777851284778619943320814655048306982993798780202431909042964
8141142185276292995400046638456584056875817948698373340428343501678
7940574267287249088752351114728882634816750293120028700012673992189026172034424783317
672842493188100970789046697333167511896514129871647139841967405229490400813505764419472672
219353683704950145551179307807863666259104000892409941473885544244355786036075101500979122253221
4009635917429701606006677785342952700902422353075070079422911812280459865373150371272
767298558747875509369762794269373046596616886415255128344881846966970302135394031
948055541495148382257762363196876069180613239184872524808723211270757913708144049057151904105442985
33992566533874754997150487418843208497981423263307855560766226236431924020722925
5676006690919788780835915573790654124156248226829528339560360967436310608331903813849182850
240395547446350077361799201011760122254566166017021367326862271612176796833195009
154637671815326069473036882362355816957887948419731522863989842039646778
5721186416237162469598904340990140942182906940884559706542879976921085042411811583137628969421
6149247917110234107925675358661441746623455070705330180440
68482797551145975198187530892687577341016127065981634207948089698252478865403758
65427274501898598641616830968926364316341807040612626908051951384606703392233788
81867444951170505190718401995864448572862946983005946364878066373714613
845031254122610687209262332966693424524573029174868283146244088951899214728238475246715342495971
19224057530238189338559621333746960659703995103618623093818821404508477818442263804014
645846341277902610301378213829203096357754285872657319395656246369013185820980982006319901943892461
6992731888390051193845830508936137156900972044498230843335772934185569861
6003631701114249365359028138487333126983854959507941633396123085203881191320001006293718
183685452153529130403938625903128903654716007746002100352300492638511056674268136504948309465564393
39537953252605737444300121831000178174164897915341368126509
391561607242727658241889298081092534191919395604072849971046961853421407
7619051694653630551915415619533842633010382994904653447246752925917195510808341932855510098
50399036640670648817159265920508814645694876891756546772337541752443794337613819415593622443431680
73567591007306962373772879730177463254390456052413250
8649091551817050598620456900541964146676389120652508786159877751405594698558143058242977
19489813261106536966367847318956362723431543844131068650440896
990461547979032857049894781147901860177669631878143946983560096396391841919382
89358272170308849225444613271550569487254201246104399
95081630192028426621350624386107691240703570883712014590447322788894972939001212654124233
38877213693445754908758504327951025093568357288860515523187171476852359
73472329278322909135661821602589233591120214136283169124802847373212140817664661683
90796798224135664884172034950973323158791824506526559641738268624278725278979692197560
1832550837537033026170776998396641008122336455457111800484359021699952517872613449100754447
6150625090783398384643025789104263966040290428497990181432255964668900317449576260430370974502925918
635411667790880230703246718541786843241627425339272329740399860352251052605871487012587863375
9319289565652451395543868080390794670813724540367284405954284272287304486502044276733978321
5125335201743435070825469674487295740265601507096540789456181517197632189267731248625438674542045767
153235709595293686954895695468102129771725724548686441451758161096595065947288617392018762947793
3641753387834785436753381644293852798553814857101720456847965138698568394
295901128887752947681969731042220136919462147003576227019806338275614985730618163833320029
171829263290078027995053253791778997778271025507776442711555
508401798210985327155989128352671152461438916152167888173208212386458784642048832347646567284
470157779907978017350369580577547570899010279888912260319766378
869135404836473006885599065977011230651217703315358019926715324943879280958168455
103514051932362570783540490587072525945468173317393563587240102308338854388287384024016
489176107911644269090605560703578123286541248607343143045437377805528
332397380867018138200114479114952938901836627403139411248528344442195010899882395124777227034410315
21820516305676670773314528809625010193291504687771219008214667895448211536176820017147972
3522401260067496532007736131449572955926074830727078044187381080550
30095206117072318837084890317638466282626663701470550394615327008665972800453027341461876740763422
986836957222643416668234602749730498130768676620924546499551015644404676572965635538645493098304112
705032239607824064856894076675313467362889033460522616164291685647828584885801501017556806
913689714013143231507918945392315100408034268991586221506262324087362279318475491355960673038674
4212329394838908169425200134550188148726659686327316985658777808943527079066296758310660
10591150446084996909252044958993296275874019115403057445144953402736605079
51703774305485782734073115906477617571033753581471030633340540040825619926751782478227984263
46218126072152262866969386238827596534196215855890560742065208051638729126533714170441792
99133290058073524430275681405334768412298931140289900787937751180898576041651001248058
53747198112017301566334414444143985032315236838048705048975904736940766802653052348026787466301574
6511984868493751041690535833032641590339944758716624355252038468216634
6968822102654264785834722385672742416023396835108280964356310146054543112089020263549288384
1583723536006216254399855329739200794963585734375359949398931969230605072935782927953295618373563541
42036873040901198743164975676160050887527901155580204928696971835630716049304831522231936169976
37275624751006330808422624102792179538964703975211390512
4461584801988469662224031294671271507985974226408531391613228874825591071903412085903397561714
4327337192889465282806296349599469790204054074545060326549223683
37705192008577010170794077994907510508146444775487845862428674787926906856516233
8158035776620388645335858503756643404225107594548825000567561973988523997608021889500369527398755126
1493667411689409285712661420331334305393843579079749339363757210906
913084690310806441179804356737532090501636273325059067530107616701291839394564615727918263536557464
6215078815662993557282901361170881802723345155483006617997170381599185384090400
31096616145098543122523926272366312843470375662393816306100939576115670386400713656022433991
8953225982563273795309989960267592314337465735192495220510169979594027855688503664561211355
29365339590178512784580534363138435338501500852540926344584350457357452192570964831
5260491398681457079845809622802027938219781310476586655021458467636452988108819774058
44061963919413097689234090979426030045300226012525323924291145632020074088759592046120
58506018683505968042618248880772147780516623642977440912299527239642823456868806261469804801708002
729470713985570451780121722975695765012269636089759860070987155418288467009848208231492620414
3015930452089816467591228605601889581105538062116697243157716938497952700701967491736147922234304347
6525316510250265406738232627492327382112028634272669655446927456491395
4206551034299850682409823319441376056726223916734631137548604746740759383537656770590736785868934095
3842003295194767620530021029185983826057109385605528185465121203
771923620611939224548802055503006583915341099171927026572802797823943
9178809122361778998017759000133084050142388540484280029015132963189419109746276
9535853590459926288494491459116766014959634473558323430494776421284333226643721372251582173
871311503716596009561829717294993690289913961608468449005626251302410557564446297268484889816585671
877933973790762757698669470064906867334956365883733422779340127099
31319254366236841898147195293079617462989182947302026297955550236983242325410436187840271997
4572371510660146756680448768520503936481853264328537761810000066307383471285241202142611606261007
51925730217660087618289019135431664669847784187979531294371464957595028859
387562272730671515931718472520196511215515083587272166116979448003616027739497029320622644862
33575915927117148041653901341802239692620908122493434544210639835122272
890850563285120429048831981299323328223022147548101569983817294458333095755258203767267078
683994923919218401363099561337266160971417362655792374531070036839725731622941198057703
54764209780614784466614043598856180401897361533321190298907258931654241392469078017455984
6687529176646447256581894006540627078251980168883053231132823371526423702131634193025
7029887133834172606891436342073809734262311917718297583075003803344421951404993575012174199637639
17560736633506273284318827884196029636588023481850874040995690547045165359461322965673063
975704085607841546137421763268922855977470431442648080035212519771977324212845284143905764408651
5126365234550717662639524147074006779610056662383839458345816435205895274966324390057908363237
1699782245759416847109421203242121414658505174285250012714965554412665969496510936461803950229
1339073893525301236902182251040404684241463250352669069006767
7093560815197089304512543604877200051471294365691120781742468481677285251632496997984608572105075
9953783828663191034208962018794908541396093928495995219632959417931539476469112453662577246770940703
635008191508300503234922987685483177512179465753432041849400501199707562141772264740624106349192928
2614549554730355221129609092112010717244163540068958716550546325207199249372165025008753126007845
4049499801034692493998589470832439136814475631217926040691266062447546148559494604336817393629420026
33503053334777625847899539557746561563146156495474780998933868697209539752284803
61179169743413173331808748740015345570097444019425585837229090496744734978863090457
3494736482185854472081957256523280769117876564832859845787103458742621909495277635164
616630521687878249099549378177661120796010272091778325199838611010442470846
616132925483965875065818606006744352927386874731329963719980754812706786719005524093827137888238
58005161336586794699345821861132153362892396912351945660992
98110657236608276876029332042881375826503025013574405519980926472353471058613894
42396579159707788090092956905200816221913207552068957498609558
128070303104075947392545994459557839079256687045905494918470586381325938175316833655556783645971087
5648535493720299904226493501555398860668531265821488111530
6088436121738095462694768853568286628775573664418585149592509697951
34436792851820215958407997608410834913798018055957555634169185930477920597961508549597836
7317645912816736382881750336292718789363055779854970155186265851090585444229686405199
9469601949328931897426648262848824066076815831835851950980878826776990669018666902707586017122429
639984761892258699126317585393059858074545910103338738385734899079173
805945645774631679090711026999530649019268952879252511730802065132100115156642579728048
523148752439648876926351193060768560458875328392717918537901541402136562351351865827648090727
152442235457781781224793536954465699215900055323067355627294685376193637740711
13387605068148356586512285867144937412699996818545850454811000207109386147796103462705
203809814303071860829084602855890676653274483328924943217293771357841697291357156550847150910155754
201209084774854407979920354037100025718803787628836002664823684046687770508436377307812693639947
4628579175580650164393307190468980690131234530745794152886719116695616047071357103422762799801166793
105488940933545379961412326625152814095112525480966287863486451
848301208326453537942554608596133210367742561039739056757
26826799887748891646493360546119476515506529736752034046763458079109481192920203966210087355
496202084771643337388135601581369000887850554367761846746952236105349632438863153748
187699847578675134001645001036702535851346538850150188090640078668558
2184459995216642764822380991754450476009117113707379383800937260262414018966573016501626465958458
1175584222072324717481646523680031201706469097490267453646408124628532830590313177638203290877391637
5660364378762186315205288937545193073718618981695511446108461798367581022630
47258013307100195092009942674311557450892937908212932460650803965304134663741171061019907
735242599240773724597601945726984227881376678603832468752062567136967344790760771
3772703176630908675060625834041653527315589959562013738349191243654471507897277
15186354409005946126320584187639848264373671233553776227041440406171769312331897014093351712241
19068823682541331658986128105928234892873945571679936595407621177239563701271810
4694869297758134249729762114084681859763025618943617278283681544291495755538317530983926229
28329047391477157697883095987080846455348708833316468369914002737230055299145400214252519855116178
40967490926131340813896804187862467180986486243037189081462157185361740
7301821547448447981778189283867674038180635648852435906666301505861061819807322764000499872
4644568820719104198477149770981107710240723772634626648951919414191511138948548444691676354028969808
5468901635553558845073792609906708115958161933796665048223303056152143507683606260987917619835457538
7719288202186067932014184372999508708395257039107885767532471056057815646245837900915
2387009347425839081960289120396096060075063059710949186610923181318
580222728311115715102795212463185545375131843133668490565579951055924828133553624976002
5379677833362257966261370386095810814188219666558035534327006967979298442857720021151151390536
76820798428094543621417067342475709542093187294983178105271106902156861688500856350820454
2389547622833203523088858893079853341066694880409975694584139773330735587584744480712699819864770536
2337700948732647725986272559031675129653080857183610019563263276394603108618
3846996175285605544880944894984682623487527825440097354857636983255160331739511466389
288160172980750666294820915426787434618350139254593906284792477871460414517152298290697537953225
804153822510548299010055278281750105461399090012438295913620264312532240189697396796141
