101828
-20541089
3533180
982838
3920488
67375
-83102739
571499
-88482838
-144697252
3958207
6251119
-1645190
-88022272
70635
8550
80706574
-74675322
10790178
1105172
-13193
3783230
29985
5065
-1905546
-30317680
-5927902
1271460
3343405
-84082527
48875
-3285856
112604
4209826
9365
-17261
-56601735
-115198866
71949500
7130
33429190
318031
5392732
-46386721
-42185180
-90645
-680209
-952713
51981004
-17653
-671884239708
-716774015679
77987170470
-2554936
-73520119
327166387
311820662
-4754580
-475517642564
-695851906
-8948372897
-891556368
-27186775
-986387620
678156391451
8495764749
-385562720417
-70547132
65870970
-333248945853
-8677249776
-33788402
490213236979
274990468886
4033726
-402625660746
-233025144273
-38242085
-50937726525
27915429
-90865025363
-115138614
-35917017679
-93105130045
-105572303771
-328005056
742446693
67122405
-9193438199
-5401961193
-775191726172
-68304367210
511172247933
-74078594454
327654602048
1962023927
-957324848
-993521678
700713544
253912081358
-3260302074682829085
-94181239144877992429
-64060350328991
-63330186691599984811
68785318996118727
-1016360090392651282
-99394267672271476964
60653393799845716725
-970490785039620
-999260922685252065
599983802647267
-34005651426832656171
6711462840094
-3525719185504520
-578615174228491447
-4573601507519
-139225385045229418367
8628864322777031428
-29466622824932938473
51126165556313492248
-67526673358603815878
-11887228228930745
-435924909563144373
7147277972253225177
79378972090339070434
98513624801049239944
-19515462897468570
-55419287814
421183472666349587
345589307727115
782705404022202908
-656534629165
2058222105037674
-5706283120612
1907819987128677764
9585218557961298615
-3419692044257630388
-5861109721821972976
-10972072073311
6286894765927009
1084719661741
19699082320970296825
968852699980977
-78504190772986796
6016767708175011
38930781508379159430
755365809625848957
9620988112557914
-71027735057697971102
-33094070707101309004
-65375522111926763
-7774199801433247
-327739560088626
97400451574935315143
83170747470680086085
5473074032572
-9779653599717248255
-98269928112579
-816604994800
84892941416984436
-256136096301753692
-339846814167865964
-510994465657577253
-30524183332632338
-5427351053159738
-37260675701028604
-7301431514643864801
-588369271741327
77250047663201352025
-4986113878807588802
-66417209739023
-88806151213640674
-94109179521068
-85597610905437007345
-582068503230395097
-27175885915041141370
85836632952838
-5506128184542678
-2424990663984250764
-81493807420874756
-178710324326
-976372037750861032
-336972339802567
-314831646413854
-7068152683045989
-96506473818054
-3211898103132
5664539561467527
-3075191636920
432445661303694
-22428184799847607485
-6137455251800809
-678257802155452
38108404092611372
-816036430798295
-296432406218073087
-934641322330862
-7158785041990325976
3631812653037552
15041672853514068877
