-890049618146647374228727529149907793627231336806548976644079530837314782853945331133632458
-6570704821979581482971729674029495362308813034410535067053449740778057144529347781860876
269767111544633261391055908838697544657439361921920510250428099644246845
-6832708255168540730851543765492777274182674909298961371029426758022658944194289875015308015269427
-4210939953821376525311482671558207639226903416058693561699416599413851488989414874721518
-8380476423587300228667472528586505640804885486762310396317795954675375305989213310006268958
13264966014852197974292546512047238165284167486271016469172391184470339032671077528406
8938370890256103666939646151514318115134430429601010829386254805
-5499476059340753863252664496364047574147249258980098953287775227521927565945260183443355118
-1252125937897971809129645929020733979481047036203869901832808905926848018365124358134636389148467
-83680724098093998546202512160990161838134884490865842442
1045202675813105009482117187620309713955756649194234226626174429210526716792425139246864012
-5706261025827200327473721994128228377770776482830758225599096723464381938888831329213483206663079136
2256082600250950732954976406796815341322570845657726108911355257917770772173658285
-5160948417578341185145379254176274401413009336187748193704491197959568951
2375230000953392132907357835723467325422793377538562094305041153699106015667561
178415363271743038099369103378932613836059777922386480570426243147448504881089834
-83356779097284343194339928901624253074728265616516474357812411141901661704759136556166375
17561910345313222632635245331227636000310290267718811394219530586691082769948
501917725135024217841438251153586304013125660615988561501982898019196492733657191666916
78064707193887382974927878201197101348654493748603056479014114018194004714653103075499
-495862826558229570909358106014371775030785525597565944252779264753184963340404078588877466051
-619221392656809019623918735511506662384863095475609372504235830229159065004855340196
-845626271750146430564922830489470535052728088936901238734330953305530479901056746641115
-196029607671263175236356641598412251921081050427172998001742874264432928555097105231
48305720446688575633580235374091084707023838041399177701977407695919622072341276082797219362
1495926009747365189555342046967055880426217980015396
-619305632308176607829739362989893959844206792329725104598660790282846142592877512
488236392529353087732288962771119686585671520354039577527332753081345317838064336857191125689170413
-616731778480888136628278510301969250504992372109667740222592033396256172013
-6349613033028075286020372623901986541700593167178094702702135361634722533658438103420985479923
-646674825414611289364331792675259895513437554196698752
-83607670731322217222794093767974481505393394115534330817273878731239794588054166464442339371075
595570781827658528809318737533146931307795649248690793330404533765833832
3708785220312269452679206758202008908700892122525493762202312683036814238983
-8052611399010646985819843537466498876504295275618808974867391337052077079089871419671713688152
-823603493638727281669911427603311469479375983356659266540692613933652567070394559263102
-85622842905824076391578664114323114780599746338322516616223020244952763344318683493339069544821
-3970872446537852280178459355362007306585904374029714286985878754041144217017915
-451699608046773697933596301067070164226948556531740712897994136002909318921757758076737073
2640059074155078507341799347782291658184450571449802181990680776742893155604403315915
-83378318324678196952129665175361974407475798564580924152425798145185818468743907
-943494614855351311968994563374706324475136907885373686222590617450472350583408022829505453
-251664628877154636910534834034804207164353820394676973402007215161269
-15657062100234503836362347019961240542617425277247357770138424852961336916
22616712783467089682303740242672778325107940022348549202445151477069343685166479993613878
-745669705952414943618503531363503977302399535028909039667552099878908874885052307279297289075
80356431478241526155157140091470323708458652973076205065700572759650734151163499442873
92373641945025053997776558834883255974179441870016983289479072801316735021421201135034
3535139756881072450055581644609330213526959201654270148016209926947763216570084249893108996510797917
