-70714
838749
-50248
432482
93082
9818
-32160
-366357
269269
4885
-643528
-21484
-592479
1507
67240
991622
868275
38335
155103
-50483
97517
2336
-821871
617490
110640
251595
-373490
10915
-1623142
32123
166547
-1352
74365
696786
-29557
303545
7480
16856
1032411
-41946
-86634
-352184
706386
242817
107626
-616409
5180
-837713
12821
800192
-56605382
-56416137
-62556462
-1454111
97632579
18651173
-1845861
-103867478
-3649468
-45338616
100781820
-1669819
-28558435
8002756
-1477068
90675441
-5258064
53080126
7953361
79332158
-23633061
72294
81277087
-45853720
-55908070
-102097008
-1237753
1016041
55902799
-92022115
1535487
-53895
7284410
-9055227
-2292359
-38152807
73056844
68511504
1330757
-4202276
97425815
11307264
-80931945
2241414
41297540
-626449
66150345
-467206
-7868902
51083400
-28275551
-98867402
81851567
-47959893
-89956706
16285738
9348803
12387332
7615350
-84074788
128104242
7100366
806195
3494312
36645981
62577720
-11490593
6133833
7271525
4032549
-32872981
-4453976
-82443296
365698
29784527
1252692
842130
150480385
74676691
1191487
-8626181
3468122
1500009
3191282
5840386
200608
21293914
1732376
-49285290
1367665
33147093
-40403385
-70823605
70800530
52995565
3278439
511808
-26556724
60050734
-6162181
-62564750027164411
-4132816925435719986
-6943761548527415479
-57256364721264194909
6488324093626957649
-28548202615060
-2582849113355356
5780206355421503894
-715199066800069
58340834413512448314
-911336635149718720
-109709229854559
2468196448505607821
-90641125109
777189709309
-2857821442125841
146054846130164351
-22503372861010989419
-747191415847323939
30779149116610928
268980759458879956
47130882273996130922
45375899989281007
-80621823263711402
-69608351545579380329
-755494102561391
82262477727516
1347383275278406
829045580231380
-96532214328784682931
-27944407364628594179
40970771528103919
353109407443
7714782424481
-7303413380592453
-72862148273187525521
-889330090383
-49036929382135762317
-1923069641660077423
-3266946713997628840
49800249318561106
301228508129123505
806742030001501
55656409457354080909
383664328605820748
-48390005603564
50753848288248546
6302036659170678624
-6429345045401789873
-46384256724
-369833186579565
58022090008679701700
-988433558949403
76509313998977551531
54734893265267402778
-9837579261685419932
5687809441345
481864088496850946
-978844305756717346
-281970168730
-486031697475561
-966531168777861
-598865859632170
-2645476751490151379
-76471616166783214
9932322327860115397
73886895597285725870
493226009361149
304741042003766141
4372223599600486454
-1868667223793304877
-614139370838127885
-22882603825275085794
-91872750867295693
6782761394084743269
796728794945465011
4849910548288469
-2627562622866514
5338212319290874022
-88488960119073641
-9127531717642684
12657747745309895
-607738178235732
47834286855106755381
133009093858793332
-9611342430003381327
-1711932911520303961
569977379239454
5545765156673874
-5361592801290
50797012338335434632
-4003811855326736905
126575404432145667
-7862934205561089
-48874268703935342
2988504654923486834
-31992414399753372693
-98081859791141547
40102720109355
-17048057780486547
