62749290679151464360181328516517476599385295137199354075854650256135015676416003
485109329082761553850352646966550838902691960773021635637173851549688011415648869048001
-90555376842770201360731445243418112857352848334200837910670590135046645838876777210923606
-3606795908448245995418806727536854181574430236567617908880187706206515047773724767300855047315009065
-58840539229638046792876704475566148572601892223629581361711699313
4503073046539832928164471802395719865215412880775941122327793937412057208229729946772800287483198496
-85724654044919049770719137068118637844927829941969019543595225340223217311193623353547
-676480169356355956486158015275459061105218713810694810348467599803267213472728087612522577
31565154661110051312608420211550723232956564399761926690210009700636293231372504556028924151317100
-19852064525649027974398451183567871880936879031111385871591210420829991844559345575977806
-3579677108666154864062576299943497223717909084132064279782432696830497885168968807293009386858
89722747144077392920674515469466753142628690619429773164000783585987931380378330089982620750439
-22860331275030767592529328844259825538214005143799280968441706391976572362
652372113698278488839756454018893768596296348945270619996120063684135823657062035748725115794204
-3077357681619940182852335532350149312652610269159526669868762435547029164
9110163032939528970108358824491049876810598807592349306980391854340475552899570086371695052228535139
-432067344498922607666445840715678545639456814798954876985237
-30309843536026386039793084476807535302247595536289493342838437796718095
41007920785717106534201121944845040559811121813710644410426604362220
47291561630154795258721615529543246202143337596983150159728732544460719597426
896753932109463793410080501788919181715367775232272441780262286004203
-28077729435594267162964670617902123610474034178750076954725908985626278845655763
8670971652398649262413170090070762671523926024785873423432272633934727286485586136801584769710933
-5428585017849784783918489602580986010699989074085278798599883194181304390741303
597981983915653888904301568851605347879042514113916338851544390496253480757794361266945785175
3211886447715612172890074416288622936704567426113217941815385666913
-52629389411984074986177427221139566588566409807854225560134274247897159947829230312380798990799
1256257389823459124289357413554447133931118051498362501724693
5507341095976299815722284532348836212741585983173830253950838874206815
1890391303298729523599498869574464613513365839364873024116141180413096033670354
-2724206566840180276769934378230861553038098583115575329715163743628666908
182338984514492663816731271485155548813946865440306670967604174880170652205
330849975044618414263410038447276136157636368653681670606091821411870628092
555628667770445632826557777331580267858546168835672009133585709291042
-387610432420378249191431715687230719149258946594368539045238274436220015893134798673206
-3370000417834698237813126898264576018601915688839819067662759588224126322371
-884636132873307584813871173480951768827727664160327137460325555053453424341806951005733204506816644
-1487885961266132463676491792619577159308773423552029042419534798321128428933652323470919745815
1912041288425581880929495189673284357249345964991686646895832221873475276863917045273718745991
3160909981870198964945101851862684842182934035045546682233650389742609198019524549665303154245736
-759888795302980977529649417104884163936437080540592298900004238244989281913518089783710872299626
1064816050327934873255934544028932569399663949516285414801516632961236701536871
38373330721696852777750326633036648712417144127959206932399517683958044723945941051089843928394
-86989219332461406945829901375338842208081799446769403885937264785602967907018317563986895796
-9246389389152172404941114955364288056093085062129049424403842371566096827572559849418157
-993701078674032476487644130878643381676076487189993348232529059093892530368816796906400
56569576652506562374803165656529438881795424728266831032579044364275848394617327622369
-29998585409342756968354452144914236048403944113260058611692416180183871556590661134016186
891365932372969124626471850670258062691648896694835037065395713
752482976624532641077729481090717417382093128918091967537466
-1419066189137700481372778509621313775149518164264473540050288880201982253780927875973719954823
-97137780473078289506530865293203274819535974735656434263648233538363440142567825
-72304893139801912339024887646391391510501813918411293152747596450489418017933791851
-742388898622285571160092495850474823686514022829998618133175211766658366618247202755031097444363
8270378836606532848640114632779260031584852327242091966116517000145923689
-884965986372971409288943058976310803256641962502195634405057451378612648271287521655463671270
439133863721491349870478469381099466436828198365492730742641844151549771471129871052808016907684
-53441543094550241605078427459121050571128153206559713897890
46483404694767816005148617815080938082650420056418544962764707438776354573618411870753690053232416
-392096848825143062954178637798595059069505845126031274375518018113466310
97411390408431040084515421376940317367908131695728511334894932475689056398233716769
91523665475612941639383696951336670341110735964750582955024714669600
4878711839944993862964660706977953228291427232473101426576998002353
801323327599153109636172836676545393505962834591897998567399036563592690918547717906303946369678789
8597300098934545881236582946039770465766406457074011870699988585922392430896540761921551
275802420940787623365911961850605522691796052025357328223788345645184180875768088938
6911741807501337438592568611881268614041790956489995801512054547797828503525549211441
4286379464468171615151677963428270307863789893126360731884
-7503309606461983700453971690181059091084671537862237545741340681337258290
8395522508681139575800754512531870522584763692768460409928272222
-3974024922607123875232126039564630803596759119926548237970392805859098332437359920023752
-743703890264481966141868189970905190809816170693061805103902535076222193606330207448297360605185
469636647046829651091534687959307664905996282799092868249953975836787764507399771666085493686
-18295719206996397196183561752553020932543789899494199242687171321683912429442370685852629301043979
-825081494075852341436216740683679856548248411988889021353741247328399098529707144791641610
-69058942641541602869579031055117507558880899156248674294451002122301370514956387222232872276760
277799377882910345116061629622794111278465467082016634370731610998880634575078885467320205102736947
-9805678973590594135605051348716399409397619439993928414523008132208842195346731759669812041426483514
8635564326849761948438997934648088288344404801851647755183777081258
55620420006314325354872202708578094011906466677354869251677984570910242296191455545
10766527127203289626096001909424640351256678403586334142446265248642641289351249786536674569483317
-676197901907279544455535515854349898361454930641535648870478811581434323331603778770023937190754
58733723535050826276267559511711683484557256139175336459173371495999208479667458609547605019172
8844888885486702193642153953904933569316999211787450720937448957290043178899097734096975080429023642
-4733556879848256447235943655176548179553096446401189353331177
-260954399691848748461040177760469460003400321074253474121324105766530918850129443228981
4971585092078575581599470104410044726852994888806756648896396794979117315378094073085007154456928231
-6875637855788394875624882320030911579776497958500607116316898138899141496083
4236258098254659995214969029918392119163115023813572950187845472704715676455
-658952160861947895537388356195216780631091279207154476463686180294725421160643119432203368478
-714418954244978044161739985238422503914177888177791946216220664308409168816856598087483
-4198114708633061760743100643843917770070239811939593062876648317519598
-5390667304600975727060341219550086034793005664020143088134617165582689481901134
9154301115921950364263029351098461794393043285052439268190517955545318
277849482453917801616858756936955541480218090893219593806476278408739829096095088056979749900482656
5240711859905500909483168842306797359459570540642179455501051593312075958624880766344581397146249
-338273349297864660347495857053607321122581771464678114177
-903270133262614968418790301649226899935892551903915784395489443910321
-16218715778831922827190618804433213219805268700850436875039930460094606064647009408917409684321
4535887352918727358739357389695394613428748211500648262220093499392713735090367442484807364450
