-1283633312
-587205450
-13068653
179036586
-2526821690
-4067368020
-296061450
190487953974
4679044324
-170509467285
-16930287
39172980924
9414909
-16720369620
-25438745304
3245359572
-19387897245
-5736912822
-727286590
-1031880255
45076063522
-64592909571
-32683554360
88518816765
-5179789647
7140576672
-14773086
-43814811
809017440
1961966368
85495412368
13261215590
-35156738712
108901223101
162100806262
-30756731583669
-743098212000
-380077060374
-346367702806
-22926674542650
-43489716317243
3963645070299
448982557860
-69570541150
-730122795
-32914035690632
142009694856
75426365170800
5562805339100750
465933732600
-103229518410
344861956883862
-158574064288
59513665
106068604
280019851
-46078305504
-1786135158015
-6464169183
936250079250
-147002652381636519328
587566548462682821312
136797690132649918772642
-13464693301465338340834
-51591278722359690248517
-156840605827133132100
22921082658396860208
-2866812434480475000
-1852982476396922707807996730
-482256571388366530048072
433686635334612286076479380
-1310477975145156593600
-2565319386899961050968485
-1779471910118651380346233323
-61447077296248479038532
-16398334492326797602
-9802453328819743648
2272672863860661269080
-13574074749269909816
-59023597050730449619524
50262384743648106745344474846
677521554440745637891
-1302325023609359959736
325100768269382796465
2814816558987384994387330
27968676013663589304485696542
-699152560307207271930
17250363001940045673025
2729366141226287715864
-668365035744978511969152
-6302772515755322434330868711580
-2786705165618224048820818
30738564235787342218226851
-351369106494784431987042
-1354819906745506507275336845917080
-76194485903212449649037547810320
836653206287810380911571151
277845553283897945948289979
-480269918911287948146189336028
2438057501855693831146301844624
-474395684355160108141154
-4283036698570780395413444
-4212303799308041741914878562152
-54685725443061183075342878
4742392980913812397719515
-101687525417796785422359654018
-1199872606968273786576
-5542123990820852032217480211890
-6793579614272788260326259
-1494720153238360135943893216
1148059989211217423006272860
109620576165308623976068674
-1136136231800308521329535
-3108308820903734027186660466
13966198582978612607946184936272
350425522924384140791931331
834426095083612215661711302318
201710069631666395315979
20725229537366935597080157767
5057740419648732357943
