5287452652611621863265795479100159104029216975142113646197926494192126839003293773994736
0
772577333894326520149312129563403803845929786068879344730657134617801632946013112890118250693731119906245485792963418319347546263827083035158585198569212783478592336516098153798815214631851711587896670473051086948704966276917026017493027786247872401407908543006215027536521761027971378558713483742131143541027129779559390974185311228293298633998473272634727
0
0
0
-51500513658046164001023202517420309629210130439345699705736652977963534231262064470660317293072584991178882456772776554713798491897133353192944739494574153642280613325259788728684064654776298643107234948674022659939763696845028555055946005778737573216237759745407826554011531390026642176854357629581209699647327186040176504695352047918422238759964043465391466210742478122189126516822799471500155334136
-12649187684377470180324373898890826304713287759589340997727790213819521723475908426329484532398372601669188892915814724121532684385978006620603384815813690581857781987015304722
0
0
2691435708758893199008151469238744160913405635060075470143705760356856382237077723493608251932059138704517352475
0
0
-286500887036454301264004054335334597865991373668924551113133162237747165891743777345496097
37460854966843651534138346471748043946796057887851584091285248028198506243358862774391504595104164486839359488928878716289641630734918189223130366504718218473205819539762292285286349495761791234337
0
-53022290017341234836916062527540962494216649752034691181750337311347201582166492007496136641936864493648785881304534298892602
-68858663363695590678203380374021224280984658358548724414010044463635761470007010629761770426950101499837269426982234452731926547722801286612398849552319891185282105755797821476240809287836255254299449715
11928878315957539804075351574368869661423813222730656390471570703173956688317587803889466158846718742914660538834649523710758313427520956109115715731270796021649130900411588160917118938159352323296712886488246716477195598365124485803660028480643490393871960395147359908487181456281593415686353872610330355776752506604990316210036675102341276102565388684270761238679700415730497379592935038070974922354796722043978302096334814383937567037071750099742205896851864454821724253214784533252069667438498126804822217684439375184157018458692804670571954413433460076165497042571751849605654687994211240245737242883681550900228619135042356040479545427002777373227149902093701101894221415959281638819138330578995017171157230016721608079678006803222191498978600971081087
0
0
-23018035895446801396711529142754
-1844567548705645402182083875702962194444618887570465491077070996214250382950739470902935291993970963300993820645065062361447746161369819433758399686382993528334
11881958958055744368768587690296156552150398910046534400810785724708656225490318289935873365914199561905943660625091278938404727
0
-4270708704788253288224272336295088995167533279744498485711
9485432703767202219714474164367753042744586990080421688123503586270160125258690232943897642210258852024876223321257571733574239734581797374735854113568021535723966825266381519215036988582181372283232331070799328164263513777171739973163011265051985625538644820733369860328310451324590896078131136009799201760620786101371447735847101184868911064643318289183559800297301720041757499402591151309709208304502781231
0
0
0
-315559221992501472206298893886056518982685323726510227757575409893422207134302549978528328787502685314208569560741223191132270824041243505181578181097908403577431986618297940712617359880093610019591858718337590425872579227351335011420556323929238111343660074156859503141825740669810608117114260337097450684749658429615304205066875342365241300466294116039
0
0
0
-5410638608150320754513602896894600147324529298835209725948049343041754337040617381542560016842489704640209627432147159345441070254733481669393597088837360955629171311473829501620639503195196332841886582783335848053
492358170329699009390232402015348327507886464964470929738962832262624236723110342097603028879857474491667401575499434203243243929119243136764348368833250927933744478947663399879177335614879443134993566328696452767127832545185802712760742724651093918204970085121035054974341680901307370644258793817096332143447224668681244724047802133478067719014965817433745313485402738408995705306485746780276614046756187950738286544638543336499497162589769961164075201546412779030354
0
0
-53923406240377317837563105143802065762291967640625824006409612392717572194559863381670245312830051855565637859650275030791085145259715265217026938868671924097029033283995688415909370729629538675086759333489341682265212383130759520376290067212923941318715594417588562765544666741027312767644580532536471000302456672861645090594029869495721839134416699671813852346421211608745564791071684454873365666259578902435673533004143187439267281611812124988054105379772127138764600528378933633691
0
590778097682266118363469268174835129564292650305890233940769736278394978464415642618749878165405530016572374417457418543623211954782537191560843908550210477494968469552823875991381826884294968354893233889090091720449332875703835402123194319164555718960031354666259046942016256143974189545734713912104621296370066520666334240744590866512758020939283520095554686421079832627110362683238975985604066638657492893801427283228477477231531330344996104852088989647880230
-954995184606545983358059702676023760520865117526211585987514323987530611594908599567551857085816584403023525904152228449329465726397049317308229643409337222550736591921150055506381137265172585041622693352861225
12690085611573111053956787514915539795982678737852360192694773813326291545690117222737932578933545955660103287172376782523270894632591
-1633043405537183116166648615331659982292692452735132045809042272351191995459943925436333090845556419404812715892190474245002133716398095358681445511305306533846143786158490728647628468686750440965664417453854149436598741
-1415185960227628708231526887761516516901618163475071068344310660334143500695087393000651487416719780096009276948817212301470249614149084358568
87170148156886597212516002974269898445329694063333562973778440296392810432010620922615106290345
-10377180431768920895396366534181464570400777012705574506430449490635159149842076048271519301353865543985939174200378920648655952978898160422160126791565745490046066409766581988
446600563191317556388167385629112319982880655923297619885176513799565627095975
0
-1378945284521647969742246604855540549119490371019690276170
77301470078659086025100499610951
0
59926369978983672409386060259172059050599948323903785427994654548919434719778862119765220432322
19405518644757487525597522280504963007372856638378621649489042938730454739033125291934248772867674370768096773404008851154153535133638070588297463178942258239928584013368502556875587425335762802549549699691046717576110974439279351145262126049060947494373199581641804498427758345966758431000342510591447455473843495258329894908781044988302260994164584599843575091883103975407128916982386420876971423411818220598819642725009055174740049140045781196974038150076410128987333328540066814683638708638548061627818596549494632863890689808629135217644500979784484391373323918508384879481080072669085256650306475381722402045447759265787566322766007094427735139828047667018849355079021074543016
-171091880528003022698786405757569678908969
0
-785354363691291446324498675189947972197026134008368527762081306872710115784523942111998198957606138222635940934786248578081523861322655076190844968227759351822658464500355922338049635855903229332718961
-4673578717419133409088671133938397134471079457889145065994463771887499339414193836606818081693214588380832372141161479860760699472160896575580128734343674019687219428162717861712487081538262392053528866968675779022105888253630730700394859930898419968526869695758462286070032461177485785917984091126843087241958951632057943731087012678901770337822419823255730546625549989568255261940669520035879804543993913568139603495259440009059230871710634274673243954354555705378359451140079966932978724527904693936192242592
0
877940222757591796076188529839172960235507717776659791456933644575241611919179005066295598193194013889540955185805292732882412046742858507316853030507916475797975296929099540443497677969273762872965005233505296842822765106541982812653718341851928152895105913853335549902677709315915214228434611969161896
0
0
0
0
26454631532478479026307858216136673208016657362767456816507945311109046155622081294595736373074097697058029370985324713745074679479021604163121787088926848091752341477522915955184802431478924127591424767599623
133721418252976411315222757594682198848276743661553962790819767793072146457422228431183973891842006672023340178494374847904287754564522879534150156895370739188190802719436141187902365233407911855768834592326827814080167442624159117978379526810347156024123733597606554358067336858406158747867743770708136059986494107021792369344879689844242121316548120522343093955560846268194676351366319812030681290685595794238971540302765063148913431330485
0
13012850297120138173992144362304353761508045667948109157372675762482057673978075055467440427648029913620077535123227312456300207719631534263189063592125156402202923586007433880957080928230064733377960728203520548526264116544281078747199677797008940062126462667040381847984301133244356904390463027290466032854945816379938167171738597174528619311742154023912671553179761725156546104357040649048308267076394847
0
992757790131556030956836020846579149366618318626660027810763874598795674662727193169378311033590683020666622557688126886697722534143893174303802886671019572136278285861237801893237667618335650507112488763663636903798945833982963389223502565559122367391007748191781472250672513575489271424731978510661282599963090990129794367068552190787141369089348999787111370491036058676203527503451960276906907353772285247524924580989624503641644209351589075770231931544266001124414800084626
92235493984245316469180450263305766689257206
0
-898691982819954523878398560225652739902684144655192115548624627423611503542364731852308615501279220419201720334858782995674289337252494687455910749819549086161742427844470397894316919038712739512279200188320742750341109658206919884562702083623392871244136565132125606355088168886268837534436334966245928572590079307775800761499446998327685783666717259155754332627700803950888166828184414880976783199652228921318083691405087083598398070354645345171616647452976919598592804894791181279983371911443674734546817577040446720068029321131515413209907053693163979264290808283019183847711059486246994504586779723341632495285295002220250885294045910157809837547374577544322174294394964187564082096441314736647292929228900713564751205257074096840254637364178839447005310773726314278476144465628513416706760894942127122525987494828049296198048980005102512348745537320342061702388326703516168842
0
-1255283950092853573110865745710397345337860209142353456703188789368065170493417545673718914825049765667658519141962192293825010101077626357241690874403129533807503283319205169992529087276888234576215859779477410668269678035293208437550187216134172376941933924474709136105814965992409083411965428369802377461942731897981937610286648234031229326101785420634672680121572256049677259213693403063186632281097713654335429906772902164361357591400347627174545287369558092443189739200423144703280920554310992452879741193279120924829858495358864260350936
2124628337960655956616156811091819456051602174586348182179362849837234663124278111329820021813073323192023957775382153360488970597964171513481341311110535411881607196876705815581299959071220224456953093621299317040166522221848003196094231517468719235148534610676460020992390240845192546214268689846171637804182810918876284545125900810888521311452483025244444819111165729195528965686157313718709090833
81302488832309734614043211756360728468876031535508492425011695379158890736451286565089760170435812274808267916615180580104845101978361379941289103183602798652639855902900907245541298865307360945141113804050108153975
0
0
0
0
4641632456751631986488298698427337847723812879049921687682803330710317459671948770036088870278162339515728909545919757893354312004958077089966462963354000986411606917152236480443837250102172338258370449890445056249925073770556743734751182226571152924162772196674560411172224118220669558509655367519413243973646146940113273932038577485390603793820032544774693312199527767307209463042806941271282124468055405468479259951154169463450387330738195883815817342029070273740487559065683461789275667087264892056405385023402299198112482227281852365616061960120184444017269997578793467455889900821277
135085046073829071790488822772463266
-53829749044582908652220967622192318752082869530496123406307300996215668682722764276234808417760221332632007911242258099743111912893598485009030017898999194573909444699051065368588363906762885993970805222699231190396075057241550127932649646671158760595260683328848350901301639315460944933562163809671585024824553282542813552550889302946284914653562536196283404738461677727905805363539980099685577197693854639500944341521502304446349872887094759027139995453939976681952664634250749090460844770240402971400686130789056092771592253603525514522412203994907552608260692345950252076345138249308877123387229724
0
0
-126866667258659757168437340525163893637272176454239057539210095274801700006670991436798443044601723570692006104294574727125747633038115597765010671477893067306957232662909341585942647990207599769488
536590292578799866058742672790660988851402121630081829275660236980239372966718950344990253952729827836357979392470515297388904221969561983147505608960179836725791328766938668147685126863128894874555292466105008880048321230000361049188314018945947611425375410972508012191128134413530160927774890127457869121988928150872592223719291220698291471398494738226782980151686592050930635204401404614662603044607389398253402233026420983951868681509906223062475713939
0
0
0
0
0
0
80026465571214898520733372510194940070531269719163669148050921191914805779510852585417253839065381644835892063066626066069790849
0
0
0
-6636012680840153901232091603067273547805748712697773473215807147016652148985784962215287748684807743241277789771887133063078603883239964926501539294440502471704485753930768914642411818690633867379155068001350127264175469880061566636865916100188388729271490750318665113162816308852586165096197602991672749683944695407972073292609617344335889462729480267452849134855339570004360485
19195147645571469888769842046934610917815256397790948943327480345006564
